<?xml version="1.0" encoding="UTF-8"?>
<!-- Generated by org.testng.reporters.JUnitReportReporter -->
<testsuite skipped="0" hostname="LITU" name="testscripts.TestExecution" tests="2" failures="0" timestamp="30 Mar 2019 10:17:01 GMT" time="68.495" errors="0">
  <testcase name="Launch_Verify" time="62.451" classname="testscripts.TestExecution"/>
  <testcase name="Login_Verify" time="6.044" classname="testscripts.TestExecution"/>
</testsuite> <!-- testscripts.TestExecution -->
